<?xml version="1.0" encoding="UTF-8"?>
<coverage generated="1648570247037" clover="3.2.0">
  <project timestamp="1648570247037" name="All files">
    <metrics statements="36" coveredstatements="36" conditionals="16" coveredconditionals="16" methods="10" coveredmethods="10" elements="62" coveredelements="62" complexity="0" loc="36" ncloc="36" packages="1" files="1" classes="1"/>
    <file name="index.js" path="D:\belajar-vue\vue-quality-control\src\utils\index.js">
      <metrics statements="36" coveredstatements="36" conditionals="16" coveredconditionals="16" methods="10" coveredmethods="10"/>
      <line num="1" count="10" type="stmt"/>
      <line num="2" count="3" type="stmt"/>
      <line num="4" count="10" type="stmt"/>
      <line num="5" count="3" type="stmt"/>
      <line num="7" count="10" type="stmt"/>
      <line num="8" count="4" type="stmt"/>
      <line num="10" count="10" type="stmt"/>
      <line num="11" count="4" type="stmt"/>
      <line num="13" count="10" type="stmt"/>
      <line num="14" count="3" type="stmt"/>
      <line num="16" count="10" type="stmt"/>
      <line num="17" count="3" type="stmt"/>
      <line num="19" count="10" type="stmt"/>
      <line num="20" count="3" type="cond" truecount="2" falsecount="0"/>
      <line num="21" count="1" type="stmt"/>
      <line num="22" count="2" type="cond" truecount="2" falsecount="0"/>
      <line num="23" count="1" type="stmt"/>
      <line num="25" count="1" type="stmt"/>
      <line num="28" count="10" type="stmt"/>
      <line num="29" count="3" type="cond" truecount="2" falsecount="0"/>
      <line num="30" count="2" type="cond" truecount="2" falsecount="0"/>
      <line num="31" count="1" type="stmt"/>
      <line num="33" count="1" type="stmt"/>
      <line num="37" count="1" type="stmt"/>
      <line num="40" count="10" type="stmt"/>
      <line num="42" count="3" type="cond" truecount="2" falsecount="0"/>
      <line num="43" count="2" type="cond" truecount="2" falsecount="0"/>
      <line num="44" count="1" type="stmt"/>
      <line num="46" count="1" type="stmt"/>
      <line num="50" count="1" type="stmt"/>
      <line num="55" count="10" type="stmt"/>
      <line num="56" count="3" type="cond" truecount="2" falsecount="0"/>
      <line num="57" count="2" type="cond" truecount="2" falsecount="0"/>
      <line num="58" count="1" type="stmt"/>
      <line num="62" count="1" type="stmt"/>
      <line num="66" count="1" type="stmt"/>
    </file>
  </project>
</coverage>
