{"D:\\belajar-vue\\vue-quality-control\\src\\utils\\index.js": {"path":"D:\\belajar-vue\\vue-quality-control\\src\\utils\\index.js","statementMap":{"0":{"start":{"line":1,"column":27},"end":{"line":3,"column":1}},"1":{"start":{"line":2,"column":4},"end":{"line":2,"column":37}},"2":{"start":{"line":4,"column":27},"end":{"line":6,"column":1}},"3":{"start":{"line":5,"column":4},"end":{"line":5,"column":37}},"4":{"start":{"line":7,"column":25},"end":{"line":9,"column":1}},"5":{"start":{"line":8,"column":4},"end":{"line":8,"column":38}},"6":{"start":{"line":10,"column":25},"end":{"line":12,"column":1}},"7":{"start":{"line":11,"column":4},"end":{"line":11,"column":38}},"8":{"start":{"line":13,"column":21},"end":{"line":15,"column":1}},"9":{"start":{"line":14,"column":4},"end":{"line":14,"column":90}},"10":{"start":{"line":16,"column":24},"end":{"line":18,"column":1}},"11":{"start":{"line":17,"column":4},"end":{"line":17,"column":38}},"12":{"start":{"line":19,"column":27},"end":{"line":27,"column":1}},"13":{"start":{"line":20,"column":4},"end":{"line":26,"column":5}},"14":{"start":{"line":21,"column":8},"end":{"line":21,"column":82}},"15":{"start":{"line":22,"column":11},"end":{"line":26,"column":5}},"16":{"start":{"line":23,"column":8},"end":{"line":23,"column":42}},"17":{"start":{"line":25,"column":8},"end":{"line":25,"column":28}},"18":{"start":{"line":28,"column":29},"end":{"line":39,"column":1}},"19":{"start":{"line":29,"column":4},"end":{"line":38,"column":5}},"20":{"start":{"line":30,"column":8},"end":{"line":35,"column":9}},"21":{"start":{"line":31,"column":12},"end":{"line":31,"column":51}},"22":{"start":{"line":33,"column":12},"end":{"line":33,"column":47}},"23":{"start":{"line":37,"column":8},"end":{"line":37,"column":51}},"24":{"start":{"line":40,"column":27},"end":{"line":54,"column":1}},"25":{"start":{"line":42,"column":4},"end":{"line":52,"column":5}},"26":{"start":{"line":43,"column":8},"end":{"line":48,"column":9}},"27":{"start":{"line":44,"column":12},"end":{"line":44,"column":47}},"28":{"start":{"line":46,"column":12},"end":{"line":46,"column":40}},"29":{"start":{"line":50,"column":8},"end":{"line":50,"column":38}},"30":{"start":{"line":55,"column":25},"end":{"line":68,"column":1}},"31":{"start":{"line":56,"column":4},"end":{"line":67,"column":5}},"32":{"start":{"line":57,"column":8},"end":{"line":64,"column":9}},"33":{"start":{"line":58,"column":12},"end":{"line":58,"column":56}},"34":{"start":{"line":62,"column":12},"end":{"line":62,"column":60}},"35":{"start":{"line":66,"column":8},"end":{"line":66,"column":75}}},"fnMap":{"0":{"name":"(anonymous_0)","decl":{"start":{"line":1,"column":27},"end":{"line":1,"column":28}},"loc":{"start":{"line":1,"column":57},"end":{"line":3,"column":1}},"line":1},"1":{"name":"(anonymous_1)","decl":{"start":{"line":4,"column":27},"end":{"line":4,"column":28}},"loc":{"start":{"line":4,"column":57},"end":{"line":6,"column":1}},"line":4},"2":{"name":"(anonymous_2)","decl":{"start":{"line":7,"column":25},"end":{"line":7,"column":26}},"loc":{"start":{"line":7,"column":56},"end":{"line":9,"column":1}},"line":7},"3":{"name":"(anonymous_3)","decl":{"start":{"line":10,"column":25},"end":{"line":10,"column":26}},"loc":{"start":{"line":10,"column":56},"end":{"line":12,"column":1}},"line":10},"4":{"name":"(anonymous_4)","decl":{"start":{"line":13,"column":21},"end":{"line":13,"column":22}},"loc":{"start":{"line":13,"column":95},"end":{"line":15,"column":1}},"line":13},"5":{"name":"(anonymous_5)","decl":{"start":{"line":16,"column":24},"end":{"line":16,"column":25}},"loc":{"start":{"line":16,"column":55},"end":{"line":18,"column":1}},"line":16},"6":{"name":"(anonymous_6)","decl":{"start":{"line":19,"column":27},"end":{"line":19,"column":28}},"loc":{"start":{"line":19,"column":44},"end":{"line":27,"column":1}},"line":19},"7":{"name":"(anonymous_7)","decl":{"start":{"line":28,"column":29},"end":{"line":28,"column":30}},"loc":{"start":{"line":28,"column":56},"end":{"line":39,"column":1}},"line":28},"8":{"name":"(anonymous_8)","decl":{"start":{"line":40,"column":27},"end":{"line":40,"column":28}},"loc":{"start":{"line":40,"column":52},"end":{"line":54,"column":1}},"line":40},"9":{"name":"(anonymous_9)","decl":{"start":{"line":55,"column":25},"end":{"line":55,"column":26}},"loc":{"start":{"line":55,"column":58},"end":{"line":68,"column":1}},"line":55}},"branchMap":{"0":{"loc":{"start":{"line":20,"column":4},"end":{"line":26,"column":5}},"type":"if","locations":[{"start":{"line":20,"column":4},"end":{"line":26,"column":5}},{"start":{"line":22,"column":11},"end":{"line":26,"column":5}}],"line":20},"1":{"loc":{"start":{"line":22,"column":11},"end":{"line":26,"column":5}},"type":"if","locations":[{"start":{"line":22,"column":11},"end":{"line":26,"column":5}},{"start":{"line":24,"column":11},"end":{"line":26,"column":5}}],"line":22},"2":{"loc":{"start":{"line":29,"column":4},"end":{"line":38,"column":5}},"type":"if","locations":[{"start":{"line":29,"column":4},"end":{"line":38,"column":5}},{"start":{"line":36,"column":11},"end":{"line":38,"column":5}}],"line":29},"3":{"loc":{"start":{"line":30,"column":8},"end":{"line":35,"column":9}},"type":"if","locations":[{"start":{"line":30,"column":8},"end":{"line":35,"column":9}},{"start":{"line":32,"column":15},"end":{"line":35,"column":9}}],"line":30},"4":{"loc":{"start":{"line":42,"column":4},"end":{"line":52,"column":5}},"type":"if","locations":[{"start":{"line":42,"column":4},"end":{"line":52,"column":5}},{"start":{"line":49,"column":11},"end":{"line":52,"column":5}}],"line":42},"5":{"loc":{"start":{"line":43,"column":8},"end":{"line":48,"column":9}},"type":"if","locations":[{"start":{"line":43,"column":8},"end":{"line":48,"column":9}},{"start":{"line":45,"column":15},"end":{"line":48,"column":9}}],"line":43},"6":{"loc":{"start":{"line":56,"column":4},"end":{"line":67,"column":5}},"type":"if","locations":[{"start":{"line":56,"column":4},"end":{"line":67,"column":5}},{"start":{"line":65,"column":11},"end":{"line":67,"column":5}}],"line":56},"7":{"loc":{"start":{"line":57,"column":8},"end":{"line":64,"column":9}},"type":"if","locations":[{"start":{"line":57,"column":8},"end":{"line":64,"column":9}},{"start":{"line":61,"column":15},"end":{"line":64,"column":9}}],"line":57}},"s":{"0":10,"1":3,"2":10,"3":3,"4":10,"5":4,"6":10,"7":4,"8":10,"9":3,"10":10,"11":3,"12":10,"13":3,"14":1,"15":2,"16":1,"17":1,"18":10,"19":3,"20":2,"21":1,"22":1,"23":1,"24":10,"25":3,"26":2,"27":1,"28":1,"29":1,"30":10,"31":3,"32":2,"33":1,"34":1,"35":1},"f":{"0":3,"1":3,"2":4,"3":4,"4":3,"5":3,"6":3,"7":3,"8":3,"9":3},"b":{"0":[1,2],"1":[1,1],"2":[2,1],"3":[1,1],"4":[2,1],"5":[1,1],"6":[2,1],"7":[1,1]},"_coverageSchema":"1a1c01bbd47fc00a2c39e90264f33305004495a9","hash":"c6859a30315f463d13deb36a1d3124292ad07fe4"}
}
