TN:
SF:src\utils\index.js
FN:1,(anonymous_0)
FN:4,(anonymous_1)
FN:7,(anonymous_2)
FN:10,(anonymous_3)
FN:13,(anonymous_4)
FN:16,(anonymous_5)
FN:19,(anonymous_6)
FN:28,(anonymous_7)
FN:40,(anonymous_8)
FN:55,(anonymous_9)
FNF:10
FNH:10
FNDA:3,(anonymous_0)
FNDA:3,(anonymous_1)
FNDA:4,(anonymous_2)
FNDA:4,(anonymous_3)
FNDA:3,(anonymous_4)
FNDA:3,(anonymous_5)
FNDA:3,(anonymous_6)
FNDA:3,(anonymous_7)
FNDA:3,(anonymous_8)
FNDA:3,(anonymous_9)
DA:1,10
DA:2,3
DA:4,10
DA:5,3
DA:7,10
DA:8,4
DA:10,10
DA:11,4
DA:13,10
DA:14,3
DA:16,10
DA:17,3
DA:19,10
DA:20,3
DA:21,1
DA:22,2
DA:23,1
DA:25,1
DA:28,10
DA:29,3
DA:30,2
DA:31,1
DA:33,1
DA:37,1
DA:40,10
DA:42,3
DA:43,2
DA:44,1
DA:46,1
DA:50,1
DA:55,10
DA:56,3
DA:57,2
DA:58,1
DA:62,1
DA:66,1
LF:36
LH:36
BRDA:20,0,0,1
BRDA:20,0,1,2
BRDA:22,1,0,1
BRDA:22,1,1,1
BRDA:29,2,0,2
BRDA:29,2,1,1
BRDA:30,3,0,1
BRDA:30,3,1,1
BRDA:42,4,0,2
BRDA:42,4,1,1
BRDA:43,5,0,1
BRDA:43,5,1,1
BRDA:56,6,0,2
BRDA:56,6,1,1
BRDA:57,7,0,1
BRDA:57,7,1,1
BRF:16
BRH:16
end_of_record
